<?xml version="1.0" encoding="utf-8"?>
<coverage line-rate="0.8965000000000001" branch-rate="0.9545" version="1.9" timestamp="1669025399" lines-covered="78" lines-valid="87" branches-covered="21" branches-valid="22">
  <sources>
    <source>/home/codex/My files/c-sharp_projects/FerryKata/FerryFunction/</source>
  </sources>
  <packages>
    <package name="FerryFunction" line-rate="0.8965000000000001" branch-rate="0.9545" complexity="29">
      <classes>
        <class name="Program" filename="Program.cs" line-rate="0" branch-rate="1" complexity="1">
          <methods>
            <method name="&lt;Main&gt;$" signature="(System.String[])" line-rate="0" branch-rate="1" complexity="1">
              <lines>
                <line number="3" hits="0" branch="False" />
                <line number="5" hits="0" branch="False" />
                <line number="6" hits="0" branch="False" />
                <line number="7" hits="0" branch="False" />
                <line number="8" hits="0" branch="False" />
                <line number="9" hits="0" branch="False" />
                <line number="10" hits="0" branch="False" />
                <line number="11" hits="0" branch="False" />
                <line number="13" hits="0" branch="False" />
              </lines>
            </method>
          </methods>
          <lines>
            <line number="3" hits="0" branch="False" />
            <line number="5" hits="0" branch="False" />
            <line number="6" hits="0" branch="False" />
            <line number="7" hits="0" branch="False" />
            <line number="8" hits="0" branch="False" />
            <line number="9" hits="0" branch="False" />
            <line number="10" hits="0" branch="False" />
            <line number="11" hits="0" branch="False" />
            <line number="13" hits="0" branch="False" />
          </lines>
        </class>
        <class name="FerryFunction.Car" filename="Car.cs" line-rate="1" branch-rate="1" complexity="1">
          <methods>
            <method name=".ctor" signature="(System.String,System.Int32,System.String)" line-rate="1" branch-rate="1" complexity="1">
              <lines>
                <line number="8" hits="168" branch="False" />
                <line number="9" hits="168" branch="False" />
                <line number="10" hits="168" branch="False" />
                <line number="11" hits="168" branch="False" />
                <line number="12" hits="168" branch="False" />
                <line number="13" hits="168" branch="False" />
              </lines>
            </method>
          </methods>
          <lines>
            <line number="8" hits="168" branch="False" />
            <line number="9" hits="168" branch="False" />
            <line number="10" hits="168" branch="False" />
            <line number="11" hits="168" branch="False" />
            <line number="12" hits="168" branch="False" />
            <line number="13" hits="168" branch="False" />
          </lines>
        </class>
        <class name="FerryFunction.Ferry" filename="Ferry.cs" line-rate="1" branch-rate="0.9545" complexity="27">
          <methods>
            <method name="get_PeopleCount" signature="()" line-rate="1" branch-rate="1" complexity="1">
              <lines>
                <line number="8" hits="251" branch="False" />
              </lines>
            </method>
            <method name="get_CarCount" signature="()" line-rate="1" branch-rate="1" complexity="1">
              <lines>
                <line number="9" hits="251" branch="False" />
              </lines>
            </method>
            <method name="Board" signature="(FerryFunction.Car)" line-rate="1" branch-rate="0.9285" complexity="14">
              <lines>
                <line number="18" hits="83" branch="False" />
                <line number="19" hits="83" branch="False" />
                <line number="20" hits="83" branch="False" />
                <line number="21" hits="83" branch="False" />
                <line number="22" hits="83" branch="False" />
                <line number="24" hits="83" branch="False" />
                <line number="25" hits="83" branch="False" />
                <line number="27" hits="83" branch="True" condition-coverage="75% (3/4)">
                  <conditions>
                    <condition number="122" type="jump" coverage="50%" />
                    <condition number="146" type="jump" coverage="100%" />
                  </conditions>
                </line>
                <line number="28" hits="82" branch="False" />
                <line number="29" hits="1084" branch="True" condition-coverage="100% (2/2)">
                  <conditions>
                    <condition number="287" type="jump" coverage="100%" />
                  </conditions>
                </line>
                <line number="30" hits="419" branch="False" />
                <line number="31" hits="419" branch="True" condition-coverage="100% (4/4)">
                  <conditions>
                    <condition number="196" type="jump" coverage="100%" />
                    <condition number="223" type="jump" coverage="100%" />
                  </conditions>
                </line>
                <line number="32" hits="262" branch="False" />
                <line number="33" hits="262" branch="False" />
                <line number="34" hits="262" branch="True" condition-coverage="100% (2/2)">
                  <conditions>
                    <condition number="238" type="jump" coverage="100%" />
                  </conditions>
                </line>
                <line number="35" hits="40" branch="False" />
                <line number="36" hits="40" branch="False" />
                <line number="37" hits="40" branch="False" />
                <line number="38" hits="222" branch="True" condition-coverage="100% (2/2)">
                  <conditions>
                    <condition number="258" type="jump" coverage="100%" />
                  </conditions>
                </line>
                <line number="39" hits="11" branch="False" />
                <line number="40" hits="11" branch="False" />
                <line number="41" hits="11" branch="False" />
                <line number="43" hits="211" branch="False" />
                <line number="44" hits="211" branch="False" />
                <line number="45" hits="211" branch="False" />
                <line number="46" hits="262" branch="False" />
                <line number="47" hits="419" branch="False" />
                <line number="48" hits="82" branch="False" />
                <line number="50" hits="1" branch="False" />
                <line number="51" hits="1" branch="False" />
                <line number="52" hits="1" branch="False" />
                <line number="53" hits="83" branch="False" />
                <line number="54" hits="83" branch="False" />
              </lines>
            </method>
            <method name="CarsOfACertainColor" signature="(System.String)" line-rate="1" branch-rate="1" complexity="6">
              <lines>
                <line number="56" hits="2" branch="False" />
                <line number="57" hits="2" branch="False" />
                <line number="58" hits="46" branch="True" condition-coverage="100% (2/2)">
                  <conditions>
                    <condition number="58" type="jump" coverage="100%" />
                  </conditions>
                </line>
                <line number="59" hits="20" branch="False" />
                <line number="60" hits="20" branch="True" condition-coverage="100% (2/2)">
                  <conditions>
                    <condition number="42" type="jump" coverage="100%" />
                  </conditions>
                </line>
                <line number="61" hits="8" branch="False" />
                <line number="62" hits="8" branch="False" />
                <line number="63" hits="8" branch="False" />
                <line number="64" hits="20" branch="False" />
                <line number="65" hits="2" branch="True" condition-coverage="100% (2/2)">
                  <conditions>
                    <condition number="85" type="jump" coverage="100%" />
                  </conditions>
                </line>
                <line number="66" hits="1" branch="False" />
                <line number="67" hits="1" branch="False" />
                <line number="69" hits="1" branch="False" />
                <line number="70" hits="2" branch="False" />
              </lines>
            </method>
            <method name="getList" signature="()" line-rate="1" branch-rate="1" complexity="1">
              <lines>
                <line number="72" hits="1" branch="False" />
                <line number="73" hits="1" branch="False" />
                <line number="74" hits="1" branch="False" />
              </lines>
            </method>
            <method name="listOfCars" signature="()" line-rate="1" branch-rate="1" complexity="1">
              <lines>
                <line number="76" hits="1" branch="False" />
                <line number="77" hits="1" branch="False" />
                <line number="78" hits="1" branch="False" />
              </lines>
            </method>
            <method name="CarLeaving" signature="(FerryFunction.Car)" line-rate="1" branch-rate="1" complexity="2">
              <lines>
                <line number="80" hits="2" branch="False" />
                <line number="81" hits="2" branch="True" condition-coverage="100% (2/2)">
                  <conditions>
                    <condition number="31" type="jump" coverage="100%" />
                  </conditions>
                </line>
                <line number="82" hits="1" branch="False" />
                <line number="83" hits="1" branch="False" />
                <line number="84" hits="1" branch="False" />
                <line number="85" hits="1" branch="False" />
                <line number="86" hits="1" branch="False" />
                <line number="89" hits="1" branch="False" />
                <line number="90" hits="1" branch="False" />
                <line number="92" hits="2" branch="False" />
              </lines>
            </method>
            <method name=".ctor" signature="()" line-rate="1" branch-rate="1" complexity="1">
              <lines>
                <line number="10" hits="11" branch="False" />
                <line number="11" hits="11" branch="False" />
                <line number="12" hits="11" branch="False" />
                <line number="13" hits="11" branch="False" />
                <line number="14" hits="11" branch="False" />
                <line number="15" hits="11" branch="False" />
                <line number="16" hits="11" branch="False" />
              </lines>
            </method>
          </methods>
          <lines>
            <line number="8" hits="251" branch="False" />
            <line number="9" hits="251" branch="False" />
            <line number="18" hits="83" branch="False" />
            <line number="19" hits="83" branch="False" />
            <line number="20" hits="83" branch="False" />
            <line number="21" hits="83" branch="False" />
            <line number="22" hits="83" branch="False" />
            <line number="24" hits="83" branch="False" />
            <line number="25" hits="83" branch="False" />
            <line number="27" hits="83" branch="True" condition-coverage="75% (3/4)">
              <conditions>
                <condition number="122" type="jump" coverage="50%" />
                <condition number="146" type="jump" coverage="100%" />
              </conditions>
            </line>
            <line number="28" hits="82" branch="False" />
            <line number="29" hits="1084" branch="True" condition-coverage="100% (2/2)">
              <conditions>
                <condition number="287" type="jump" coverage="100%" />
              </conditions>
            </line>
            <line number="30" hits="419" branch="False" />
            <line number="31" hits="419" branch="True" condition-coverage="100% (4/4)">
              <conditions>
                <condition number="196" type="jump" coverage="100%" />
                <condition number="223" type="jump" coverage="100%" />
              </conditions>
            </line>
            <line number="32" hits="262" branch="False" />
            <line number="33" hits="262" branch="False" />
            <line number="34" hits="262" branch="True" condition-coverage="100% (2/2)">
              <conditions>
                <condition number="238" type="jump" coverage="100%" />
              </conditions>
            </line>
            <line number="35" hits="40" branch="False" />
            <line number="36" hits="40" branch="False" />
            <line number="37" hits="40" branch="False" />
            <line number="38" hits="222" branch="True" condition-coverage="100% (2/2)">
              <conditions>
                <condition number="258" type="jump" coverage="100%" />
              </conditions>
            </line>
            <line number="39" hits="11" branch="False" />
            <line number="40" hits="11" branch="False" />
            <line number="41" hits="11" branch="False" />
            <line number="43" hits="211" branch="False" />
            <line number="44" hits="211" branch="False" />
            <line number="45" hits="211" branch="False" />
            <line number="46" hits="262" branch="False" />
            <line number="47" hits="419" branch="False" />
            <line number="48" hits="82" branch="False" />
            <line number="50" hits="1" branch="False" />
            <line number="51" hits="1" branch="False" />
            <line number="52" hits="1" branch="False" />
            <line number="53" hits="83" branch="False" />
            <line number="54" hits="83" branch="False" />
            <line number="56" hits="2" branch="False" />
            <line number="57" hits="2" branch="False" />
            <line number="58" hits="46" branch="True" condition-coverage="100% (2/2)">
              <conditions>
                <condition number="58" type="jump" coverage="100%" />
              </conditions>
            </line>
            <line number="59" hits="20" branch="False" />
            <line number="60" hits="20" branch="True" condition-coverage="100% (2/2)">
              <conditions>
                <condition number="42" type="jump" coverage="100%" />
              </conditions>
            </line>
            <line number="61" hits="8" branch="False" />
            <line number="62" hits="8" branch="False" />
            <line number="63" hits="8" branch="False" />
            <line number="64" hits="20" branch="False" />
            <line number="65" hits="2" branch="True" condition-coverage="100% (2/2)">
              <conditions>
                <condition number="85" type="jump" coverage="100%" />
              </conditions>
            </line>
            <line number="66" hits="1" branch="False" />
            <line number="67" hits="1" branch="False" />
            <line number="69" hits="1" branch="False" />
            <line number="70" hits="2" branch="False" />
            <line number="72" hits="1" branch="False" />
            <line number="73" hits="1" branch="False" />
            <line number="74" hits="1" branch="False" />
            <line number="76" hits="1" branch="False" />
            <line number="77" hits="1" branch="False" />
            <line number="78" hits="1" branch="False" />
            <line number="80" hits="2" branch="False" />
            <line number="81" hits="2" branch="True" condition-coverage="100% (2/2)">
              <conditions>
                <condition number="31" type="jump" coverage="100%" />
              </conditions>
            </line>
            <line number="82" hits="1" branch="False" />
            <line number="83" hits="1" branch="False" />
            <line number="84" hits="1" branch="False" />
            <line number="85" hits="1" branch="False" />
            <line number="86" hits="1" branch="False" />
            <line number="89" hits="1" branch="False" />
            <line number="90" hits="1" branch="False" />
            <line number="92" hits="2" branch="False" />
            <line number="10" hits="11" branch="False" />
            <line number="11" hits="11" branch="False" />
            <line number="12" hits="11" branch="False" />
            <line number="13" hits="11" branch="False" />
            <line number="14" hits="11" branch="False" />
            <line number="15" hits="11" branch="False" />
            <line number="16" hits="11" branch="False" />
          </lines>
        </class>
      </classes>
    </package>
  </packages>
</coverage>